[ 2016-09-22T10:14:28+08:00 ] 127.0.0.1 /
INFO: [ app_init ] --START--
INFO: Run Behavior\BuildLiteBehavior [ RunTime:0.000000s ]
INFO: [ app_init ] --END-- [ RunTime:0.000000s ]

[ 2016-09-22T10:14:28+08:00 ] 127.0.0.1 /index.php/index/login
INFO: [ app_init ] --START--
INFO: Run Behavior\BuildLiteBehavior [ RunTime:0.000000s ]
INFO: [ app_init ] --END-- [ RunTime:0.000000s ]

[ 2016-09-22T10:14:28+08:00 ] 127.0.0.1 /index.php/index/verify_code/
INFO: [ app_init ] --START--
INFO: Run Behavior\BuildLiteBehavior [ RunTime:0.000000s ]
INFO: [ app_init ] --END-- [ RunTime:0.000000s ]

[ 2016-09-22T10:14:28+08:00 ] 127.0.0.1 /index.php/index/verify_code/?rand=0.9568979335319423
INFO: [ app_init ] --START--
INFO: Run Behavior\BuildLiteBehavior [ RunTime:0.000000s ]
INFO: [ app_init ] --END-- [ RunTime:0.000000s ]

[ 2016-09-22T10:14:28+08:00 ] 127.0.0.1 /favicon.ico
INFO: [ app_init ] --START--
INFO: Run Behavior\BuildLiteBehavior [ RunTime:0.000000s ]
INFO: [ app_init ] --END-- [ RunTime:0.000000s ]

[ 2016-09-22T10:14:34+08:00 ] 127.0.0.1 /index.php/index/check_login
INFO: [ app_init ] --START--
INFO: Run Behavior\BuildLiteBehavior [ RunTime:0.000000s ]
INFO: [ app_init ] --END-- [ RunTime:0.000000s ]
INFO: [ app_begin ] --START--
INFO: Run Behavior\ReadHtmlCacheBehavior [ RunTime:0.000000s ]
INFO: [ app_begin ] --END-- [ RunTime:0.000000s ]
SQL: SHOW COLUMNS FROM `cj_admin` [ RunTime:0.0020s ]
SQL: SELECT * FROM `cj_admin` WHERE `nickname` = '施芳洋' LIMIT 1   [ RunTime:0.0010s ]
SQL: SHOW COLUMNS FROM `cj_admin_group_admin` [ RunTime:0.0010s ]
SQL: SELECT `action_id` FROM `cj_admin_group_admin` LEFT JOIN cj_action_admin_group ON cj_action_admin_group.admin_group_id=cj_admin_group_admin.admin_group_id  WHERE `aid` = '54' GROUP BY action_id  [ RunTime:0.0010s ]
SQL: SHOW COLUMNS FROM `cj_admin` [ RunTime:0.0010s ]
SQL: UPDATE `cj_admin` SET `last_login_time`='2016-09-22 10:14:34' WHERE `aid` = 54 LIMIT 1  [ RunTime:0.0010s ]
SQL: SHOW COLUMNS FROM `cj_oper_log` [ RunTime:0.0020s ]
SQL: INSERT INTO `cj_oper_log` (`type`,`aid`,`uid`,`ip`,`remark`,`create_time`) VALUES ('login','54','0','127.0.0.1','登陆后台;
管理员ID:54;
IP:127.0.0.1','1474510474') [ RunTime:0.0010s ]
NOTIC: [2048] Declaration of Common\Model\AuthModel::check() should be compatible with Think\Model::check($value, $rule, $type = 'regex') E:\workspace\trunk\App\Common\Model\AuthModel.class.php 第 117 行.
SQL: SHOW COLUMNS FROM `cj_admin_auth_access` [ RunTime:0.0000s ]
SQL: SHOW COLUMNS FROM `cj_admin_auth_rule` [ RunTime:0.0000s ]
SQL: SELECT a.auth_id,r.id,r.name,r.title,r.condition FROM cj_admin_auth_access a left join cj_admin_auth_rule r on r.id = a.rule_id  WHERE a.auth_id = 54 AND r.status = 1  [ RunTime:0.0000s ]
SQL: SELECT `id`,`name`,`title`,`condition` FROM `cj_admin_auth_rule` WHERE `status` = 1  [ RunTime:0.0000s ]

[ 2016-09-22T10:14:34+08:00 ] 127.0.0.1 /index.php/common/index
INFO: [ app_init ] --START--
INFO: Run Behavior\BuildLiteBehavior [ RunTime:0.000000s ]
INFO: [ app_init ] --END-- [ RunTime:0.000000s ]

[ 2016-09-22T10:14:37+08:00 ] 127.0.0.1 /index.php/user_base/index
INFO: [ app_init ] --START--
INFO: Run Behavior\BuildLiteBehavior [ RunTime:0.001000s ]
INFO: [ app_init ] --END-- [ RunTime:0.001000s ]

[ 2016-09-22T10:14:43+08:00 ] 127.0.0.1 /index.php/user_base/avatar?uid=12200158
INFO: [ app_init ] --START--
INFO: Run Behavior\BuildLiteBehavior [ RunTime:0.000000s ]
INFO: [ app_init ] --END-- [ RunTime:0.000000s ]

[ 2016-09-22T10:14:43+08:00 ] 127.0.0.1 /index.php/user_base/avatar?uid=12200159
INFO: [ app_init ] --START--
INFO: Run Behavior\BuildLiteBehavior [ RunTime:0.000000s ]
INFO: [ app_init ] --END-- [ RunTime:0.001000s ]

[ 2016-09-22T10:14:43+08:00 ] 127.0.0.1 /index.php/user_base/avatar?uid=12200157
INFO: [ app_init ] --START--
INFO: Run Behavior\BuildLiteBehavior [ RunTime:0.000000s ]
INFO: [ app_init ] --END-- [ RunTime:0.001000s ]

[ 2016-09-22T10:14:43+08:00 ] 127.0.0.1 /index.php/user_base/avatar?uid=12200156
INFO: [ app_init ] --START--
INFO: Run Behavior\BuildLiteBehavior [ RunTime:0.000000s ]
INFO: [ app_init ] --END-- [ RunTime:0.001000s ]

[ 2016-09-22T10:14:44+08:00 ] 127.0.0.1 /index.php/user_base/avatar?uid=12200155
INFO: [ app_init ] --START--
INFO: Run Behavior\BuildLiteBehavior [ RunTime:0.000000s ]
INFO: [ app_init ] --END-- [ RunTime:0.001000s ]

[ 2016-09-22T10:14:44+08:00 ] 127.0.0.1 /index.php/user_base/avatar?uid=12200154
INFO: [ app_init ] --START--
INFO: Run Behavior\BuildLiteBehavior [ RunTime:0.000000s ]
INFO: [ app_init ] --END-- [ RunTime:0.000000s ]

[ 2016-09-22T10:14:44+08:00 ] 127.0.0.1 /index.php/user_base/avatar?uid=12200153
INFO: [ app_init ] --START--
INFO: Run Behavior\BuildLiteBehavior [ RunTime:0.000000s ]
INFO: [ app_init ] --END-- [ RunTime:0.000000s ]

[ 2016-09-22T10:14:44+08:00 ] 127.0.0.1 /index.php/user_base/avatar?uid=12200152
INFO: [ app_init ] --START--
INFO: Run Behavior\BuildLiteBehavior [ RunTime:0.000000s ]
INFO: [ app_init ] --END-- [ RunTime:0.000000s ]

[ 2016-09-22T10:14:48+08:00 ] 127.0.0.1 /index.php/user_base/avatar_list/audited/0/filter/unscored
INFO: [ app_init ] --START--
INFO: Run Behavior\BuildLiteBehavior [ RunTime:0.000000s ]
INFO: [ app_init ] --END-- [ RunTime:0.000000s ]

[ 2016-09-22T10:14:50+08:00 ] 127.0.0.1 /index.php/analy/score_quality
INFO: [ app_init ] --START--
INFO: Run Behavior\BuildLiteBehavior [ RunTime:0.000000s ]
INFO: [ app_init ] --END-- [ RunTime:0.001000s ]

[ 2016-09-22T10:14:55+08:00 ] 127.0.0.1 /index.php/analy/score_quality
INFO: [ app_init ] --START--
INFO: Run Behavior\BuildLiteBehavior [ RunTime:0.000000s ]
INFO: [ app_init ] --END-- [ RunTime:0.001000s ]

[ 2016-09-22T10:14:58+08:00 ] 127.0.0.1 /index.php/analy/score_quality?act=filter&stime=2016-09-01&etime=2016-09-22&sex=
INFO: [ app_init ] --START--
INFO: Run Behavior\BuildLiteBehavior [ RunTime:0.000000s ]
INFO: [ app_init ] --END-- [ RunTime:0.001000s ]

[ 2016-09-22T10:15:01+08:00 ] 127.0.0.1 /index.php/analy/score_quality?act=filter&stime=2016-01-01&etime=2016-09-22&sex=
INFO: [ app_init ] --START--
INFO: Run Behavior\BuildLiteBehavior [ RunTime:0.000000s ]
INFO: [ app_init ] --END-- [ RunTime:0.001000s ]

[ 2016-09-22T10:15:21+08:00 ] 127.0.0.1 /
INFO: [ app_init ] --START--
INFO: Run Behavior\BuildLiteBehavior [ RunTime:0.000000s ]
INFO: [ app_init ] --END-- [ RunTime:0.000000s ]

[ 2016-09-22T10:15:21+08:00 ] 127.0.0.1 /index.php/index/login
INFO: [ app_init ] --START--
INFO: Run Behavior\BuildLiteBehavior [ RunTime:0.000000s ]
INFO: [ app_init ] --END-- [ RunTime:0.000000s ]

[ 2016-09-22T10:15:21+08:00 ] 127.0.0.1 /index.php/index/verify_code/
INFO: [ app_init ] --START--
INFO: Run Behavior\BuildLiteBehavior [ RunTime:0.000000s ]
INFO: [ app_init ] --END-- [ RunTime:0.001000s ]

[ 2016-09-22T10:15:21+08:00 ] 127.0.0.1 /index.php/index/verify_code/?rand=0.9285202036014251
INFO: [ app_init ] --START--
INFO: Run Behavior\BuildLiteBehavior [ RunTime:0.000000s ]
INFO: [ app_init ] --END-- [ RunTime:0.000000s ]

[ 2016-09-22T10:15:25+08:00 ] 127.0.0.1 /index.php/index/check_login
INFO: [ app_init ] --START--
INFO: Run Behavior\BuildLiteBehavior [ RunTime:0.000000s ]
INFO: [ app_init ] --END-- [ RunTime:0.000000s ]
INFO: [ app_begin ] --START--
INFO: Run Behavior\ReadHtmlCacheBehavior [ RunTime:0.000000s ]
INFO: [ app_begin ] --END-- [ RunTime:0.000000s ]
SQL: SHOW COLUMNS FROM `cj_admin` [ RunTime:0.0010s ]
SQL: SELECT * FROM `cj_admin` WHERE `nickname` = '施芳洋' LIMIT 1   [ RunTime:0.0010s ]
SQL: SHOW COLUMNS FROM `cj_admin_group_admin` [ RunTime:0.0010s ]
SQL: SELECT `action_id` FROM `cj_admin_group_admin` LEFT JOIN cj_action_admin_group ON cj_action_admin_group.admin_group_id=cj_admin_group_admin.admin_group_id  WHERE `aid` = '54' GROUP BY action_id  [ RunTime:0.0010s ]
SQL: SHOW COLUMNS FROM `cj_admin` [ RunTime:0.0010s ]
SQL: UPDATE `cj_admin` SET `last_login_time`='2016-09-22 10:15:25' WHERE `aid` = 54 LIMIT 1  [ RunTime:0.0000s ]
SQL: SHOW COLUMNS FROM `cj_oper_log` [ RunTime:0.0010s ]
SQL: INSERT INTO `cj_oper_log` (`type`,`aid`,`uid`,`ip`,`remark`,`create_time`) VALUES ('login','54','0','127.0.0.1','登陆后台;
管理员ID:54;
IP:127.0.0.1','1474510525') [ RunTime:0.0010s ]
NOTIC: [2048] Declaration of Common\Model\AuthModel::check() should be compatible with Think\Model::check($value, $rule, $type = 'regex') E:\workspace\trunk\App\Common\Model\AuthModel.class.php 第 117 行.

[ 2016-09-22T10:15:25+08:00 ] 127.0.0.1 /index.php/common/index
INFO: [ app_init ] --START--
INFO: Run Behavior\BuildLiteBehavior [ RunTime:0.000000s ]
INFO: [ app_init ] --END-- [ RunTime:0.000000s ]

[ 2016-09-22T10:15:29+08:00 ] 127.0.0.1 /index.php/user_base/index
INFO: [ app_init ] --START--
INFO: Run Behavior\BuildLiteBehavior [ RunTime:0.000000s ]
INFO: [ app_init ] --END-- [ RunTime:0.000000s ]

[ 2016-09-22T10:15:29+08:00 ] 127.0.0.1 /index.php/user_base/index
INFO: [ app_init ] --START--
INFO: Run Behavior\BuildLiteBehavior [ RunTime:0.000000s ]
INFO: [ app_init ] --END-- [ RunTime:0.000000s ]

[ 2016-09-22T10:15:31+08:00 ] 127.0.0.1 /index.php/user_base/avatar?uid=12200158
INFO: [ app_init ] --START--
INFO: Run Behavior\BuildLiteBehavior [ RunTime:0.000000s ]
INFO: [ app_init ] --END-- [ RunTime:0.001000s ]

[ 2016-09-22T10:15:31+08:00 ] 127.0.0.1 /index.php/user_base/avatar?uid=12200148
INFO: [ app_init ] --START--
INFO: Run Behavior\BuildLiteBehavior [ RunTime:0.000000s ]
INFO: [ app_init ] --END-- [ RunTime:0.000000s ]

[ 2016-09-22T10:15:33+08:00 ] 127.0.0.1 /index.php/user_base/avatar?uid=12200147
INFO: [ app_init ] --START--
INFO: Run Behavior\BuildLiteBehavior [ RunTime:0.000000s ]
INFO: [ app_init ] --END-- [ RunTime:0.001000s ]

[ 2016-09-22T10:15:46+08:00 ] 127.0.0.1 /index.php/user_base/avatar?uid=12200153
INFO: [ app_init ] --START--
INFO: Run Behavior\BuildLiteBehavior [ RunTime:0.000000s ]
INFO: [ app_init ] --END-- [ RunTime:0.001000s ]

[ 2016-09-22T10:26:51+08:00 ] 127.0.0.1 /index.php/user_base/avatar?uid=12200155
INFO: [ app_init ] --START--
INFO: Run Behavior\BuildLiteBehavior [ RunTime:0.000000s ]
INFO: [ app_init ] --END-- [ RunTime:0.000000s ]

[ 2016-09-22T10:26:51+08:00 ] 127.0.0.1 /index.php/user_base/avatar?uid=12200156
INFO: [ app_init ] --START--
INFO: Run Behavior\BuildLiteBehavior [ RunTime:0.000000s ]
INFO: [ app_init ] --END-- [ RunTime:0.000000s ]

[ 2016-09-22T10:43:23+08:00 ] 127.0.0.1 /index.php/user_base/avatar?uid=12200152
INFO: [ app_init ] --START--
INFO: Run Behavior\BuildLiteBehavior [ RunTime:0.000000s ]
INFO: [ app_init ] --END-- [ RunTime:0.000000s ]

[ 2016-09-22T10:43:23+08:00 ] 127.0.0.1 /index.php/user_base/avatar?uid=12200150
INFO: [ app_init ] --START--
INFO: Run Behavior\BuildLiteBehavior [ RunTime:0.000000s ]
INFO: [ app_init ] --END-- [ RunTime:0.001000s ]

[ 2016-09-22T10:43:23+08:00 ] 127.0.0.1 /index.php/user_base/avatar?uid=12200149
INFO: [ app_init ] --START--
INFO: Run Behavior\BuildLiteBehavior [ RunTime:0.000000s ]
INFO: [ app_init ] --END-- [ RunTime:0.000000s ]

[ 2016-09-22T13:04:14+08:00 ] 127.0.0.1 /index.php/user_base/index
INFO: [ app_init ] --START--
INFO: Run Behavior\BuildLiteBehavior [ RunTime:0.000000s ]
INFO: [ app_init ] --END-- [ RunTime:0.001000s ]

[ 2016-09-22T13:04:17+08:00 ] 127.0.0.1 /index.php/user_base/avatar_list/audited/0/filter/unscored
INFO: [ app_init ] --START--
INFO: Run Behavior\BuildLiteBehavior [ RunTime:0.000000s ]
INFO: [ app_init ] --END-- [ RunTime:0.001000s ]

[ 2016-09-22T13:04:20+08:00 ] 127.0.0.1 /index.php/analy/score_quality
INFO: [ app_init ] --START--
INFO: Run Behavior\BuildLiteBehavior [ RunTime:0.000000s ]
INFO: [ app_init ] --END-- [ RunTime:0.000000s ]

[ 2016-09-22T13:04:38+08:00 ] 127.0.0.1 /index.php/user_base/avatar_list/audited/0/filter/unscored
INFO: [ app_init ] --START--
INFO: Run Behavior\BuildLiteBehavior [ RunTime:0.000000s ]
INFO: [ app_init ] --END-- [ RunTime:0.001000s ]

[ 2016-09-22T15:54:47+08:00 ] 127.0.0.1 /
INFO: [ app_init ] --START--
INFO: Run Behavior\BuildLiteBehavior [ RunTime:0.000000s ]
INFO: [ app_init ] --END-- [ RunTime:0.000000s ]

[ 2016-09-22T15:54:47+08:00 ] 127.0.0.1 /index.php/index/login
INFO: [ app_init ] --START--
INFO: Run Behavior\BuildLiteBehavior [ RunTime:0.000000s ]
INFO: [ app_init ] --END-- [ RunTime:0.001000s ]

[ 2016-09-22T15:54:47+08:00 ] 127.0.0.1 /index.php/index/verify_code/
INFO: [ app_init ] --START--
INFO: Run Behavior\BuildLiteBehavior [ RunTime:0.000000s ]
INFO: [ app_init ] --END-- [ RunTime:0.000000s ]

[ 2016-09-22T15:54:47+08:00 ] 127.0.0.1 /index.php/index/verify_code/?rand=0.37493762400568387
INFO: [ app_init ] --START--
INFO: Run Behavior\BuildLiteBehavior [ RunTime:0.000000s ]
INFO: [ app_init ] --END-- [ RunTime:0.000000s ]

